
*** Running xst
    with args -ifn "mojo_top_0.xst" -ofn "mojo_top_0.srp" -intstyle ise

Reading design: mojo_top_0.prj

=========================================================================
*                          HDL Parsing                                  *
=========================================================================
Analyzing Verilog file "C:/Users/eugen/Desktop/Comp Struct/Mojo/ALU16b/work/planAhead/ALU16b/ALU16b.srcs/sources_1/imports/verilog/shift16_7.v" into library work
Parsing module <shift16_7>.
Analyzing Verilog file "C:/Users/eugen/Desktop/Comp Struct/Mojo/ALU16b/work/planAhead/ALU16b/ALU16b.srcs/sources_1/imports/verilog/compare16_5.v" into library work
Parsing module <compare16_5>.
Analyzing Verilog file "C:/Users/eugen/Desktop/Comp Struct/Mojo/ALU16b/work/planAhead/ALU16b/ALU16b.srcs/sources_1/imports/verilog/boolean16_6.v" into library work
Parsing module <boolean16_6>.
Analyzing Verilog file "C:/Users/eugen/Desktop/Comp Struct/Mojo/ALU16b/work/planAhead/ALU16b/ALU16b.srcs/sources_1/imports/verilog/adder16_4.v" into library work
Parsing module <adder16_4>.
Analyzing Verilog file "C:/Users/eugen/Desktop/Comp Struct/Mojo/ALU16b/work/planAhead/ALU16b/ALU16b.srcs/sources_1/imports/verilog/tester_3.v" into library work
Parsing module <tester_3>.
Analyzing Verilog file "C:/Users/eugen/Desktop/Comp Struct/Mojo/ALU16b/work/planAhead/ALU16b/ALU16b.srcs/sources_1/imports/verilog/reset_conditioner_1.v" into library work
Parsing module <reset_conditioner_1>.
Analyzing Verilog file "C:/Users/eugen/Desktop/Comp Struct/Mojo/ALU16b/work/planAhead/ALU16b/ALU16b.srcs/sources_1/imports/verilog/alu16_2.v" into library work
Parsing module <alu16_2>.
Analyzing Verilog file "C:/Users/eugen/Desktop/Comp Struct/Mojo/ALU16b/work/planAhead/ALU16b/ALU16b.srcs/sources_1/imports/verilog/mojo_top_0.v" into library work
Parsing module <mojo_top_0>.

=========================================================================
*                            HDL Elaboration                            *
=========================================================================

Elaborating module <mojo_top_0>.

Elaborating module <reset_conditioner_1>.

Elaborating module <alu16_2>.

Elaborating module <adder16_4>.

Elaborating module <compare16_5>.

Elaborating module <boolean16_6>.

Elaborating module <shift16_7>.
WARNING:HDLCompiler:1127 - "C:/Users/eugen/Desktop/Comp Struct/Mojo/ALU16b/work/planAhead/ALU16b/ALU16b.srcs/sources_1/imports/verilog/alu16_2.v" Line 74: Assignment to z ignored, since the identifier is never used

Elaborating module <tester_3>.
WARNING:HDLCompiler:1127 - "C:/Users/eugen/Desktop/Comp Struct/Mojo/ALU16b/work/planAhead/ALU16b/ALU16b.srcs/sources_1/imports/verilog/mojo_top_0.v" Line 65: Assignment to rst ignored, since the identifier is never used
WARNING:Xst:2972 - "C:/Users/eugen/Desktop/Comp Struct/Mojo/ALU16b/work/planAhead/ALU16b/ALU16b.srcs/sources_1/imports/verilog/mojo_top_0.v" line 33. All outputs of instance <reset_cond> of block <reset_conditioner_1> are unconnected in block <mojo_top_0>. Underlying logic will be removed.

=========================================================================
*                           HDL Synthesis                               *
=========================================================================

Synthesizing Unit <mojo_top_0>.
    Related source file is "C:/Users/eugen/Desktop/Comp Struct/Mojo/ALU16b/work/planAhead/ALU16b/ALU16b.srcs/sources_1/imports/verilog/mojo_top_0.v".
WARNING:Xst:647 - Input <io_button> is never used. This port will be preserved and left unconnected if it belongs to a top-level block or it belongs to a sub-block and the hierarchy of this sub-block is preserved.
WARNING:Xst:647 - Input <io_dip<17:16>> is never used. This port will be preserved and left unconnected if it belongs to a top-level block or it belongs to a sub-block and the hierarchy of this sub-block is preserved.
WARNING:Xst:647 - Input <cclk> is never used. This port will be preserved and left unconnected if it belongs to a top-level block or it belongs to a sub-block and the hierarchy of this sub-block is preserved.
WARNING:Xst:647 - Input <spi_ss> is never used. This port will be preserved and left unconnected if it belongs to a top-level block or it belongs to a sub-block and the hierarchy of this sub-block is preserved.
WARNING:Xst:647 - Input <spi_mosi> is never used. This port will be preserved and left unconnected if it belongs to a top-level block or it belongs to a sub-block and the hierarchy of this sub-block is preserved.
WARNING:Xst:647 - Input <spi_sck> is never used. This port will be preserved and left unconnected if it belongs to a top-level block or it belongs to a sub-block and the hierarchy of this sub-block is preserved.
WARNING:Xst:647 - Input <avr_tx> is never used. This port will be preserved and left unconnected if it belongs to a top-level block or it belongs to a sub-block and the hierarchy of this sub-block is preserved.
WARNING:Xst:647 - Input <avr_rx_busy> is never used. This port will be preserved and left unconnected if it belongs to a top-level block or it belongs to a sub-block and the hierarchy of this sub-block is preserved.
INFO:Xst:3210 - "C:/Users/eugen/Desktop/Comp Struct/Mojo/ALU16b/work/planAhead/ALU16b/ALU16b.srcs/sources_1/imports/verilog/mojo_top_0.v" line 33: Output port <out> of the instance <reset_cond> is unconnected or connected to loadless signal.
    Found 1-bit tristate buffer for signal <spi_miso> created at line 65
    Found 1-bit tristate buffer for signal <spi_channel<3>> created at line 65
    Found 1-bit tristate buffer for signal <spi_channel<2>> created at line 65
    Found 1-bit tristate buffer for signal <spi_channel<1>> created at line 65
    Found 1-bit tristate buffer for signal <spi_channel<0>> created at line 65
    Found 1-bit tristate buffer for signal <avr_rx> created at line 65
    Summary:
	inferred   6 Tristate(s).
Unit <mojo_top_0> synthesized.

Synthesizing Unit <alu16_2>.
    Related source file is "C:/Users/eugen/Desktop/Comp Struct/Mojo/ALU16b/work/planAhead/ALU16b/ALU16b.srcs/sources_1/imports/verilog/alu16_2.v".
    Found 16-bit 4-to-1 multiplexer for signal <out> created at line 93.
    Summary:
	inferred   1 Multiplexer(s).
Unit <alu16_2> synthesized.

Synthesizing Unit <adder16_4>.
    Related source file is "C:/Users/eugen/Desktop/Comp Struct/Mojo/ALU16b/work/planAhead/ALU16b/ALU16b.srcs/sources_1/imports/verilog/adder16_4.v".
WARNING:Xst:647 - Input <alufn<5:2>> is never used. This port will be preserved and left unconnected if it belongs to a top-level block or it belongs to a sub-block and the hierarchy of this sub-block is preserved.
    Found 16-bit subtractor for signal <a[15]_b[15]_sub_2_OUT> created at line 30.
    Found 16-bit adder for signal <a[15]_b[15]_add_0_OUT> created at line 27.
    Found 16x16-bit multiplier for signal <n0022> created at line 33.
    Found 16-bit 4-to-1 multiplexer for signal <s> created at line 25.
    Summary:
	inferred   1 Multiplier(s).
	inferred   1 Adder/Subtractor(s).
	inferred   2 Multiplexer(s).
Unit <adder16_4> synthesized.

Synthesizing Unit <compare16_5>.
    Related source file is "C:/Users/eugen/Desktop/Comp Struct/Mojo/ALU16b/work/planAhead/ALU16b/ALU16b.srcs/sources_1/imports/verilog/compare16_5.v".
WARNING:Xst:647 - Input <alufn<0:0>> is never used. This port will be preserved and left unconnected if it belongs to a top-level block or it belongs to a sub-block and the hierarchy of this sub-block is preserved.
WARNING:Xst:647 - Input <alufn<5:3>> is never used. This port will be preserved and left unconnected if it belongs to a top-level block or it belongs to a sub-block and the hierarchy of this sub-block is preserved.
    Found 16-bit 4-to-1 multiplexer for signal <out> created at line 20.
    Summary:
	inferred   1 Multiplexer(s).
Unit <compare16_5> synthesized.

Synthesizing Unit <boolean16_6>.
    Related source file is "C:/Users/eugen/Desktop/Comp Struct/Mojo/ALU16b/work/planAhead/ALU16b/ALU16b.srcs/sources_1/imports/verilog/boolean16_6.v".
WARNING:Xst:647 - Input <alufn<5:4>> is never used. This port will be preserved and left unconnected if it belongs to a top-level block or it belongs to a sub-block and the hierarchy of this sub-block is preserved.
    Summary:
Unit <boolean16_6> synthesized.

Synthesizing Unit <shift16_7>.
    Related source file is "C:/Users/eugen/Desktop/Comp Struct/Mojo/ALU16b/work/planAhead/ALU16b/ALU16b.srcs/sources_1/imports/verilog/shift16_7.v".
WARNING:Xst:647 - Input <alufn<5:2>> is never used. This port will be preserved and left unconnected if it belongs to a top-level block or it belongs to a sub-block and the hierarchy of this sub-block is preserved.
    Found 16-bit shifter logical left for signal <a[15]_b[15]_shift_left_0_OUT> created at line 21
    Found 16-bit shifter arithmetic right for signal <a[15]_b[15]_shift_right_1_OUT> created at line 24
    Found 16-bit shifter logical right for signal <a[15]_b[15]_shift_right_2_OUT> created at line 27
    Found 16-bit 4-to-1 multiplexer for signal <out> created at line 19.
    Summary:
	inferred   4 Multiplexer(s).
	inferred   3 Combinational logic shifter(s).
Unit <shift16_7> synthesized.

Synthesizing Unit <tester_3>.
    Related source file is "C:/Users/eugen/Desktop/Comp Struct/Mojo/ALU16b/work/planAhead/ALU16b/ALU16b.srcs/sources_1/imports/verilog/tester_3.v".
    Found 16-bit subtractor for signal <sub_ans> created at line 38.
    Found 16-bit adder for signal <add_ans> created at line 37.
    Found 16x16-bit multiplier for signal <n0088> created at line 39.
    Found 16-bit shifter logical left for signal <shl_ans> created at line 28
    Found 16-bit shifter logical right for signal <shr_ans> created at line 30
    Found 16-bit shifter arithmetic right for signal <sra_ans> created at line 32
    Found 16-bit comparator equal for signal <alu_out[15]_PWR_9_o_equal_7_o> created at line 49
    Found 16-bit comparator equal for signal <alu_out[15]_PWR_9_o_equal_8_o> created at line 52
    Found 16-bit comparator equal for signal <alu_out[15]_PWR_9_o_equal_9_o> created at line 55
    Found 16-bit comparator equal for signal <alu_out[15]_PWR_9_o_equal_11_o> created at line 61
    Found 16-bit comparator equal for signal <alu_out[15]_PWR_9_o_equal_12_o> created at line 64
    Found 16-bit comparator equal for signal <alu_out[15]_PWR_9_o_equal_13_o> created at line 67
    Found 16-bit comparator equal for signal <alu_out[15]_PWR_9_o_equal_15_o> created at line 70
    Found 16-bit comparator equal for signal <alu_out[15]_PWR_9_o_equal_17_o> created at line 73
    Found 16-bit comparator equal for signal <alu_out[15]_PWR_9_o_equal_19_o> created at line 76
    Found 16-bit comparator equal for signal <alu_out[15]_GND_11_o_equal_22_o> created at line 82
    Found 16-bit comparator greater for signal <PWR_9_o_b_dip[15]_LessThan_23_o> created at line 85
    Found 16-bit comparator equal for signal <alu_out[15]_GND_11_o_equal_24_o> created at line 85
    Found 16-bit comparator lessequal for signal <n0023> created at line 88
    Found 16-bit comparator equal for signal <alu_out[15]_GND_11_o_equal_26_o> created at line 88
    Summary:
	inferred   1 Multiplier(s).
	inferred   2 Adder/Subtractor(s).
	inferred  14 Comparator(s).
	inferred  17 Multiplexer(s).
	inferred   3 Combinational logic shifter(s).
Unit <tester_3> synthesized.

=========================================================================
HDL Synthesis Report

Macro Statistics
# Multipliers                                          : 2
 16x16-bit multiplier                                  : 2
# Adders/Subtractors                                   : 3
 16-bit adder                                          : 1
 16-bit addsub                                         : 1
 16-bit subtractor                                     : 1
# Comparators                                          : 14
 16-bit comparator equal                               : 12
 16-bit comparator greater                             : 1
 16-bit comparator lessequal                           : 1
# Multiplexers                                         : 25
 1-bit 2-to-1 multiplexer                              : 14
 16-bit 2-to-1 multiplexer                             : 8
 16-bit 4-to-1 multiplexer                             : 3
# Logic shifters                                       : 6
 16-bit shifter arithmetic right                       : 2
 16-bit shifter logical left                           : 2
 16-bit shifter logical right                          : 2
# Tristates                                            : 6
 1-bit tristate buffer                                 : 6
# Xors                                                 : 3
 1-bit xor2                                            : 1
 16-bit xor2                                           : 2

=========================================================================
INFO:Xst:1767 - HDL ADVISOR - Resource sharing has identified that some arithmetic operations in this design can share the same physical resources for reduced device utilization. For improved clock frequency you may try to disable resource sharing.

=========================================================================
*                       Advanced HDL Synthesis                          *
=========================================================================


=========================================================================
Advanced HDL Synthesis Report

Macro Statistics
# Multipliers                                          : 2
 16x16-bit multiplier                                  : 2
# Adders/Subtractors                                   : 3
 16-bit adder                                          : 1
 16-bit addsub                                         : 1
 16-bit subtractor                                     : 1
# Comparators                                          : 14
 16-bit comparator equal                               : 12
 16-bit comparator greater                             : 1
 16-bit comparator lessequal                           : 1
# Multiplexers                                         : 25
 1-bit 2-to-1 multiplexer                              : 14
 16-bit 2-to-1 multiplexer                             : 8
 16-bit 4-to-1 multiplexer                             : 3
# Logic shifters                                       : 6
 16-bit shifter arithmetic right                       : 2
 16-bit shifter logical left                           : 2
 16-bit shifter logical right                          : 2
# Xors                                                 : 3
 1-bit xor2                                            : 1
 16-bit xor2                                           : 2

=========================================================================

=========================================================================
*                         Low Level Synthesis                           *
=========================================================================

Optimizing unit <mojo_top_0> ...

Optimizing unit <tester_3> ...

Mapping all equations...
Building and optimizing final netlist ...
Found area constraint ratio of 100 (+ 0) on block mojo_top_0, actual ratio is 6.

Final Macro Processing ...

=========================================================================
Final Register Report

Found no macro
=========================================================================

=========================================================================
*                           Partition Report                            *
=========================================================================

Partition Implementation Status
-------------------------------

  No Partitions were found in this design.

-------------------------------

=========================================================================
*                            Design Summary                             *
=========================================================================

Clock Information:
------------------
No clock signals found in this design

Asynchronous Control Signals Information:
----------------------------------------
No asynchronous control signals found in this design

Timing Summary:
---------------
Speed Grade: -2

   Minimum period: No path found
   Minimum input arrival time before clock: No path found
   Maximum output required time after clock: No path found
   Maximum combinational path delay: 20.149ns

=========================================================================
